platforms/android/app/build/outputs/logs/manifest-merger-debug-report.txt
-- Merging decision tree log ---
manifest
ADDED from src/main/AndroidManifest.xml:2:1-40:12
INJECTED from src/main/AndroidManifest.xml:2:1-40:12
INJECTED from src/main/AndroidManifest.xml:2:1-40:12
INJECTED from src/main/AndroidManifest.xml:2:1-40:12
MERGED from [com.ipsmap:ipsmap:1.4.5] AndroidManifest.xml:2:1-55:12
MERGED from [:CordovaLib] AndroidManifest.xml:20:1-27:12
MERGED from [com.android.support:design:25.3.1] AndroidManifest.xml:17:1-31:12
MERGED from [com.ipsmap:ips-location:0.4.3] AndroidManifest.xml:2:1-69:12
MERGED from [com.android.support:appcompat-v7:25.3.1] AndroidManifest.xml:17:1-31:12
MERGED from [com.android.support:animated-vector-drawable:25.3.1] AndroidManifest.xml:17:1-28:12
MERGED from [com.android.support:support-vector-drawable:25.3.1] AndroidManifest.xml:17:1-28:12
MERGED from [com.android.support:recyclerview-v7:25.3.1] AndroidManifest.xml:17:1-26:12
MERGED from [com.android.support:transition:25.3.1] AndroidManifest.xml:17:1-28:12
MERGED from [com.android.support:support-v4:25.3.1] AndroidManifest.xml:17:1-31:12
MERGED from [com.android.support:support-fragment:25.3.1] AndroidManifest.xml:17:1-31:12
MERGED from [com.android.support:support-media-compat:25.3.1] AndroidManifest.xml:17:1-31:12
MERGED from [com.android.support:support-core-utils:25.3.1] AndroidManifest.xml:17:1-31:12
MERGED from [com.android.support:support-core-ui:25.3.1] AndroidManifest.xml:17:1-31:12
MERGED from [com.android.support:support-compat:25.3.1] AndroidManifest.xml:17:1-31:12
MERGED from [com.mixpanel.android:mixpanel-android:5.4.4] AndroidManifest.xml:2:1-108:12
MERGED from [com.orhanobut:logger:2.1.1] AndroidManifest.xml:2:1-8:12
INJECTED from src/main/AndroidManifest.xml:2:1-40:12
INJECTED from src/main/AndroidManifest.xml:2:1-40:12
INJECTED from src/main/AndroidManifest.xml:2:1-40:12
	package
		ADDED from src/main/AndroidManifest.xml:2:102-134
		INJECTED from src/main/AndroidManifest.xml
		INJECTED from src/main/AndroidManifest.xml
	android:versionName
		ADDED from src/main/AndroidManifest.xml:2:74-101
		INJECTED from src/main/AndroidManifest.xml
		INJECTED from src/main/AndroidManifest.xml
	android:hardwareAccelerated
		ADDED from src/main/AndroidManifest.xml:2:11-45
	xmlns:android
		ADDED from src/main/AndroidManifest.xml:2:135-193
	android:versionCode
		ADDED from src/main/AndroidManifest.xml:2:46-73
		INJECTED from src/main/AndroidManifest.xml
		INJECTED from src/main/AndroidManifest.xml
supports-screens
ADDED from src/main/AndroidManifest.xml:3:5-191
	android:largeScreens
		ADDED from src/main/AndroidManifest.xml:3:49-76
	android:smallScreens
		ADDED from src/main/AndroidManifest.xml:3:132-159
	android:normalScreens
		ADDED from src/main/AndroidManifest.xml:3:77-105
	android:xlargeScreens
		ADDED from src/main/AndroidManifest.xml:3:160-188
	android:resizeable
		ADDED from src/main/AndroidManifest.xml:3:106-131
	android:anyDensity
		ADDED from src/main/AndroidManifest.xml:3:23-48
uses-permission#android.permission.INTERNET
ADDED from src/main/AndroidManifest.xml:4:5-67
MERGED from [com.ipsmap:ipsmap:1.4.5] AndroidManifest.xml:17:5-67
MERGED from [com.ipsmap:ipsmap:1.4.5] AndroidManifest.xml:17:5-67
MERGED from [com.mixpanel.android:mixpanel-android:5.4.4] AndroidManifest.xml:10:5-67
MERGED from [com.mixpanel.android:mixpanel-android:5.4.4] AndroidManifest.xml:10:5-67
	android:name
		ADDED from src/main/AndroidManifest.xml:4:22-64
uses-permission#android.permission.CHANGE_NETWORK_STATE
ADDED from src/main/AndroidManifest.xml:8:5-79
	android:name
		ADDED from src/main/AndroidManifest.xml:8:22-76
uses-permission#android.permission.NFC
ADDED from src/main/AndroidManifest.xml:9:5-62
	android:name
		ADDED from src/main/AndroidManifest.xml:9:22-59
uses-permission#android.permission.WRITE_EXTERNAL_STORAGE
ADDED from src/main/AndroidManifest.xml:10:5-81
MERGED from [com.ipsmap:ipsmap:1.4.5] AndroidManifest.xml:25:5-81
MERGED from [com.ipsmap:ipsmap:1.4.5] AndroidManifest.xml:25:5-81
MERGED from [com.ipsmap:ipsmap:1.4.5] AndroidManifest.xml:29:5-81
MERGED from [com.ipsmap:ipsmap:1.4.5] AndroidManifest.xml:29:5-81
	android:name
		ADDED from src/main/AndroidManifest.xml:10:22-78
uses-permission#android.permission.ACCESS_NETWORK_STATE
ADDED from src/main/AndroidManifest.xml:11:5-79
MERGED from [com.ipsmap:ipsmap:1.4.5] AndroidManifest.xml:14:5-79
MERGED from [com.ipsmap:ipsmap:1.4.5] AndroidManifest.xml:14:5-79
MERGED from [com.ipsmap:ipsmap:1.4.5] AndroidManifest.xml:18:5-79
MERGED from [com.ipsmap:ipsmap:1.4.5] AndroidManifest.xml:18:5-79
	android:name
		ADDED from src/main/AndroidManifest.xml:11:22-76
uses-permission#android.permission.ACCESS_WIFI_STATE
ADDED from src/main/AndroidManifest.xml:12:5-76
MERGED from [com.ipsmap:ipsmap:1.4.5] AndroidManifest.xml:19:5-76
MERGED from [com.ipsmap:ipsmap:1.4.5] AndroidManifest.xml:19:5-76
	android:name
		ADDED from src/main/AndroidManifest.xml:12:22-73
uses-permission#android.permission.CHANGE_WIFI_STATE
ADDED from src/main/AndroidManifest.xml:13:5-76
MERGED from [com.ipsmap:ipsmap:1.4.5] AndroidManifest.xml:20:5-76
MERGED from [com.ipsmap:ipsmap:1.4.5] AndroidManifest.xml:20:5-76
	android:name
		ADDED from src/main/AndroidManifest.xml:13:22-73
uses-permission#android.permission.BLUETOOTH
ADDED from src/main/AndroidManifest.xml:14:5-68
MERGED from [com.ipsmap:ipsmap:1.4.5] AndroidManifest.xml:11:5-68
MERGED from [com.ipsmap:ipsmap:1.4.5] AndroidManifest.xml:11:5-68
MERGED from [com.ipsmap:ipsmap:1.4.5] AndroidManifest.xml:22:5-68
MERGED from [com.ipsmap:ipsmap:1.4.5] AndroidManifest.xml:22:5-68
MERGED from [com.ipsmap:ips-location:0.4.3] AndroidManifest.xml:11:5-68
MERGED from [com.ipsmap:ips-location:0.4.3] AndroidManifest.xml:11:5-68
	android:name
		ADDED from src/main/AndroidManifest.xml:14:22-65
uses-permission#android.permission.BLUETOOTH_ADMIN
ADDED from src/main/AndroidManifest.xml:15:5-74
MERGED from [com.ipsmap:ipsmap:1.4.5] AndroidManifest.xml:23:5-74
MERGED from [com.ipsmap:ipsmap:1.4.5] AndroidManifest.xml:23:5-74
MERGED from [com.ipsmap:ips-location:0.4.3] AndroidManifest.xml:12:5-74
MERGED from [com.ipsmap:ips-location:0.4.3] AndroidManifest.xml:12:5-74
	android:name
		ADDED from src/main/AndroidManifest.xml:15:22-71
uses-permission#android.permission.ACCESS_COARSE_LOCATION
ADDED from src/main/AndroidManifest.xml:16:5-81
	android:name
		ADDED from src/main/AndroidManifest.xml:16:22-78
uses-permission#android.permission.ACCESS_FINE_LOCATION
ADDED from src/main/AndroidManifest.xml:17:5-79
	android:name
		ADDED from src/main/AndroidManifest.xml:17:22-76
uses-permission#android.permission.RECEIVE_BOOT_COMPLETED
ADDED from src/main/AndroidManifest.xml:18:5-81
	android:name
		ADDED from src/main/AndroidManifest.xml:18:22-78
uses-permission#android.permission.VIBRATE
ADDED from src/main/AndroidManifest.xml:19:5-66
MERGED from [com.ipsmap:ipsmap:1.4.5] AndroidManifest.xml:27:5-66
MERGED from [com.ipsmap:ipsmap:1.4.5] AndroidManifest.xml:27:5-66
	android:name
		ADDED from src/main/AndroidManifest.xml:19:22-63
uses-permission#android.permission.RECORD_AUDIO
ADDED from src/main/AndroidManifest.xml:20:5-71
MERGED from [com.ipsmap:ipsmap:1.4.5] AndroidManifest.xml:30:5-71
MERGED from [com.ipsmap:ipsmap:1.4.5] AndroidManifest.xml:30:5-71
	android:name
		ADDED from src/main/AndroidManifest.xml:20:22-68
uses-permission#android.permission.READ_PHONE_STATE
ADDED from src/main/AndroidManifest.xml:21:5-75
MERGED from [com.ipsmap:ipsmap:1.4.5] AndroidManifest.xml:16:5-75
MERGED from [com.ipsmap:ipsmap:1.4.5] AndroidManifest.xml:16:5-75
	android:name
		ADDED from src/main/AndroidManifest.xml:21:22-72
uses-permission#android.permission.READ_CONTACTS
ADDED from src/main/AndroidManifest.xml:22:5-72
	android:name
		ADDED from src/main/AndroidManifest.xml:22:22-69
uses-permission#android.permission.WRITE_SETTINGS
ADDED from src/main/AndroidManifest.xml:23:5-73
MERGED from [com.ipsmap:ipsmap:1.4.5] AndroidManifest.xml:26:5-73
MERGED from [com.ipsmap:ipsmap:1.4.5] AndroidManifest.xml:26:5-73
	android:name
		ADDED from src/main/AndroidManifest.xml:23:22-70
uses-permission#android.permission.READ_LOGS
ADDED from src/main/AndroidManifest.xml:24:5-68
MERGED from [com.ipsmap:ipsmap:1.4.5] AndroidManifest.xml:21:5-68
MERGED from [com.ipsmap:ipsmap:1.4.5] AndroidManifest.xml:21:5-68
	android:name
		ADDED from src/main/AndroidManifest.xml:24:22-65
uses-permission#android.permission.READ_EXTERNAL_STORAGE
ADDED from src/main/AndroidManifest.xml:25:5-80
	android:name
		ADDED from src/main/AndroidManifest.xml:25:22-77
uses-permission#android.permission.DISABLE_KEYGUARD
ADDED from src/main/AndroidManifest.xml:26:5-75
	android:name
		ADDED from src/main/AndroidManifest.xml:26:22-72
uses-permission#android.permission.ACCESS_DOWNLOAD_MANAGER
ADDED from src/main/AndroidManifest.xml:27:5-82
	android:name
		ADDED from src/main/AndroidManifest.xml:27:22-79
uses-permission#android.permission.DOWNLOAD_WITHOUT_NOTIFICATION
ADDED from src/main/AndroidManifest.xml:28:5-88
	android:name
		ADDED from src/main/AndroidManifest.xml:28:22-85
uses-permission#android.permission.EXPAND_STATUS_BAR
ADDED from src/main/AndroidManifest.xml:29:5-76
	android:name
		ADDED from src/main/AndroidManifest.xml:29:22-73
application
ADDED from src/main/AndroidManifest.xml:31:5-38:19
MERGED from [com.ipsmap:ipsmap:1.4.5] AndroidManifest.xml:33:5-53:19
MERGED from [com.ipsmap:ipsmap:1.4.5] AndroidManifest.xml:33:5-53:19
MERGED from [com.android.support:design:25.3.1] AndroidManifest.xml:29:5-20
MERGED from [com.android.support:design:25.3.1] AndroidManifest.xml:29:5-20
MERGED from [com.ipsmap:ips-location:0.4.3] AndroidManifest.xml:14:5-67:19
MERGED from [com.ipsmap:ips-location:0.4.3] AndroidManifest.xml:14:5-67:19
MERGED from [com.android.support:appcompat-v7:25.3.1] AndroidManifest.xml:29:5-20
MERGED from [com.android.support:appcompat-v7:25.3.1] AndroidManifest.xml:29:5-20
MERGED from [com.android.support:animated-vector-drawable:25.3.1] AndroidManifest.xml:26:5-20
MERGED from [com.android.support:animated-vector-drawable:25.3.1] AndroidManifest.xml:26:5-20
MERGED from [com.android.support:support-vector-drawable:25.3.1] AndroidManifest.xml:26:5-20
MERGED from [com.android.support:support-vector-drawable:25.3.1] AndroidManifest.xml:26:5-20
MERGED from [com.android.support:transition:25.3.1] AndroidManifest.xml:26:5-20
MERGED from [com.android.support:transition:25.3.1] AndroidManifest.xml:26:5-20
MERGED from [com.android.support:support-v4:25.3.1] AndroidManifest.xml:29:5-20
MERGED from [com.android.support:support-v4:25.3.1] AndroidManifest.xml:29:5-20
MERGED from [com.android.support:support-fragment:25.3.1] AndroidManifest.xml:29:5-20
MERGED from [com.android.support:support-fragment:25.3.1] AndroidManifest.xml:29:5-20
MERGED from [com.android.support:support-media-compat:25.3.1] AndroidManifest.xml:29:5-20
MERGED from [com.android.support:support-media-compat:25.3.1] AndroidManifest.xml:29:5-20
MERGED from [com.android.support:support-core-utils:25.3.1] AndroidManifest.xml:29:5-20
MERGED from [com.android.support:support-core-utils:25.3.1] AndroidManifest.xml:29:5-20
MERGED from [com.android.support:support-core-ui:25.3.1] AndroidManifest.xml:29:5-20
MERGED from [com.android.support:support-core-ui:25.3.1] AndroidManifest.xml:29:5-20
MERGED from [com.android.support:support-compat:25.3.1] AndroidManifest.xml:29:5-20
MERGED from [com.android.support:support-compat:25.3.1] AndroidManifest.xml:29:5-20
MERGED from [com.mixpanel.android:mixpanel-android:5.4.4] AndroidManifest.xml:36:5-106:19
MERGED from [com.mixpanel.android:mixpanel-android:5.4.4] AndroidManifest.xml:36:5-106:19
	android:supportsRtl
		ADDED from src/main/AndroidManifest.xml:31:144-170
	android:label
		ADDED from src/main/AndroidManifest.xml:31:111-143
	android:hardwareAccelerated
		ADDED from src/main/AndroidManifest.xml:31:48-82
	android:windowSoftInputMode
		ADDED from [com.ipsmap:ipsmap:1.4.5] AndroidManifest.xml:36:9-60
	android:allowBackup
		ADDED from [com.ipsmap:ipsmap:1.4.5] AndroidManifest.xml:34:9-35
	android:icon
		ADDED from src/main/AndroidManifest.xml:31:83-110
	android:name
		ADDED from src/main/AndroidManifest.xml:31:18-47
activity#com.ipsmap.cordovaDemo.MainActivity
ADDED from src/main/AndroidManifest.xml:32:9-37:20
	android:label
		ADDED from src/main/AndroidManifest.xml:32:97-134
	android:launchMode
		ADDED from src/main/AndroidManifest.xml:32:135-165
	android:windowSoftInputMode
		ADDED from src/main/AndroidManifest.xml:32:257-299
	android:configChanges
		ADDED from src/main/AndroidManifest.xml:32:19-96
	android:theme
		ADDED from src/main/AndroidManifest.xml:32:194-256
	android:name
		ADDED from src/main/AndroidManifest.xml:32:166-193
intent-filter#android.intent.action.MAIN+android.intent.category.LAUNCHER
ADDED from src/main/AndroidManifest.xml:33:13-36:29
	android:label
		ADDED from src/main/AndroidManifest.xml:33:28-65
action#android.intent.action.MAIN
ADDED from src/main/AndroidManifest.xml:34:17-69
	android:name
		ADDED from src/main/AndroidManifest.xml:34:25-66
category#android.intent.category.LAUNCHER
ADDED from src/main/AndroidManifest.xml:35:17-77
	android:name
		ADDED from src/main/AndroidManifest.xml:35:27-74
uses-sdk
ADDED from src/main/AndroidManifest.xml:39:5-74
INJECTED from src/main/AndroidManifest.xml:39:5-74
MERGED from [com.ipsmap:ipsmap:1.4.5] AndroidManifest.xml:7:5-9:41
MERGED from [com.ipsmap:ipsmap:1.4.5] AndroidManifest.xml:7:5-9:41
MERGED from [:CordovaLib] AndroidManifest.xml:25:5-44
MERGED from [:CordovaLib] AndroidManifest.xml:25:5-44
MERGED from [com.android.support:design:25.3.1] AndroidManifest.xml:21:5-23:62
MERGED from [com.android.support:design:25.3.1] AndroidManifest.xml:21:5-23:62
MERGED from [com.ipsmap:ips-location:0.4.3] AndroidManifest.xml:7:5-9:41
MERGED from [com.ipsmap:ips-location:0.4.3] AndroidManifest.xml:7:5-9:41
MERGED from [com.android.support:appcompat-v7:25.3.1] AndroidManifest.xml:21:5-23:78
MERGED from [com.android.support:appcompat-v7:25.3.1] AndroidManifest.xml:21:5-23:78
MERGED from [com.android.support:animated-vector-drawable:25.3.1] AndroidManifest.xml:20:5-44
MERGED from [com.android.support:animated-vector-drawable:25.3.1] AndroidManifest.xml:20:5-44
MERGED from [com.android.support:support-vector-drawable:25.3.1] AndroidManifest.xml:20:5-43
MERGED from [com.android.support:support-vector-drawable:25.3.1] AndroidManifest.xml:20:5-43
MERGED from [com.android.support:recyclerview-v7:25.3.1] AndroidManifest.xml:20:5-43
MERGED from [com.android.support:recyclerview-v7:25.3.1] AndroidManifest.xml:20:5-43
MERGED from [com.android.support:transition:25.3.1] AndroidManifest.xml:20:5-44
MERGED from [com.android.support:transition:25.3.1] AndroidManifest.xml:20:5-44
MERGED from [com.android.support:support-v4:25.3.1] AndroidManifest.xml:21:5-23:54
MERGED from [com.android.support:support-v4:25.3.1] AndroidManifest.xml:21:5-23:54
MERGED from [com.android.support:support-fragment:25.3.1] AndroidManifest.xml:21:5-23:60
MERGED from [com.android.support:support-fragment:25.3.1] AndroidManifest.xml:21:5-23:60
MERGED from [com.android.support:support-media-compat:25.3.1] AndroidManifest.xml:21:5-23:63
MERGED from [com.android.support:support-media-compat:25.3.1] AndroidManifest.xml:21:5-23:63
MERGED from [com.android.support:support-core-utils:25.3.1] AndroidManifest.xml:21:5-23:61
MERGED from [com.android.support:support-core-utils:25.3.1] AndroidManifest.xml:21:5-23:61
MERGED from [com.android.support:support-core-ui:25.3.1] AndroidManifest.xml:21:5-23:58
MERGED from [com.android.support:support-core-ui:25.3.1] AndroidManifest.xml:21:5-23:58
MERGED from [com.android.support:support-compat:25.3.1] AndroidManifest.xml:21:5-23:58
MERGED from [com.android.support:support-compat:25.3.1] AndroidManifest.xml:21:5-23:58
MERGED from [com.mixpanel.android:mixpanel-android:5.4.4] AndroidManifest.xml:5:5-7:41
MERGED from [com.mixpanel.android:mixpanel-android:5.4.4] AndroidManifest.xml:5:5-7:41
MERGED from [com.orhanobut:logger:2.1.1] AndroidManifest.xml:6:5-43
MERGED from [com.orhanobut:logger:2.1.1] AndroidManifest.xml:6:5-43
INJECTED from src/main/AndroidManifest.xml:39:5-74
	tools:overrideLibrary
		ADDED from [com.android.support:design:25.3.1] AndroidManifest.xml:23:9-59
	android:targetSdkVersion
		ADDED from src/main/AndroidManifest.xml:39:42-71
	android:minSdkVersion
		ADDED from src/main/AndroidManifest.xml:39:15-41
		INJECTED from src/main/AndroidManifest.xml
		INJECTED from src/main/AndroidManifest.xml
uses-permission#android.permission.REQUEST_IGNORE_BATTERY_OPTIMIZATIONS
ADDED from [com.ipsmap:ipsmap:1.4.5] AndroidManifest.xml:15:5-95
	android:name
		ADDED from [com.ipsmap:ipsmap:1.4.5] AndroidManifest.xml:15:22-92
uses-permission#android.permission.MODIFY_AUDIO_SETTINGS
ADDED from [com.ipsmap:ipsmap:1.4.5] AndroidManifest.xml:24:5-80
	android:name
		ADDED from [com.ipsmap:ipsmap:1.4.5] AndroidManifest.xml:24:22-77
activity#com.daoyixun.ipsmap.ui.activity.IpsMapActivity
ADDED from [com.ipsmap:ipsmap:1.4.5] AndroidManifest.xml:37:9-42:63
	android:screenOrientation
		ADDED from [com.ipsmap:ipsmap:1.4.5] AndroidManifest.xml:40:13-49
	android:launchMode
		ADDED from [com.ipsmap:ipsmap:1.4.5] AndroidManifest.xml:39:13-44
	android:windowSoftInputMode
		ADDED from [com.ipsmap:ipsmap:1.4.5] AndroidManifest.xml:42:13-60
	android:theme
		ADDED from [com.ipsmap:ipsmap:1.4.5] AndroidManifest.xml:41:13-50
	android:name
		ADDED from [com.ipsmap:ipsmap:1.4.5] AndroidManifest.xml:38:13-74
activity#com.daoyixun.ipsmap.ui.activity.IpsSearchActivity
ADDED from [com.ipsmap:ipsmap:1.4.5] AndroidManifest.xml:43:9-47:58
	android:screenOrientation
		ADDED from [com.ipsmap:ipsmap:1.4.5] AndroidManifest.xml:45:13-49
	android:windowSoftInputMode
		ADDED from [com.ipsmap:ipsmap:1.4.5] AndroidManifest.xml:47:13-55
	android:theme
		ADDED from [com.ipsmap:ipsmap:1.4.5] AndroidManifest.xml:46:13-50
	android:name
		ADDED from [com.ipsmap:ipsmap:1.4.5] AndroidManifest.xml:44:13-77
activity#com.daoyixun.ipsmap.ui.activity.IpsFootprintActivity
ADDED from [com.ipsmap:ipsmap:1.4.5] AndroidManifest.xml:48:9-52:53
	android:screenOrientation
		ADDED from [com.ipsmap:ipsmap:1.4.5] AndroidManifest.xml:51:13-49
	android:launchMode
		ADDED from [com.ipsmap:ipsmap:1.4.5] AndroidManifest.xml:50:13-44
	android:theme
		ADDED from [com.ipsmap:ipsmap:1.4.5] AndroidManifest.xml:52:13-50
	android:name
		ADDED from [com.ipsmap:ipsmap:1.4.5] AndroidManifest.xml:49:13-80
meta-data#android.support.VERSION
ADDED from [com.android.support:design:25.3.1] AndroidManifest.xml:25:5-27:34
MERGED from [com.android.support:appcompat-v7:25.3.1] AndroidManifest.xml:25:5-27:34
MERGED from [com.android.support:appcompat-v7:25.3.1] AndroidManifest.xml:25:5-27:34
MERGED from [com.android.support:animated-vector-drawable:25.3.1] AndroidManifest.xml:22:5-24:34
MERGED from [com.android.support:animated-vector-drawable:25.3.1] AndroidManifest.xml:22:5-24:34
MERGED from [com.android.support:support-vector-drawable:25.3.1] AndroidManifest.xml:22:5-24:34
MERGED from [com.android.support:support-vector-drawable:25.3.1] AndroidManifest.xml:22:5-24:34
MERGED from [com.android.support:recyclerview-v7:25.3.1] AndroidManifest.xml:22:5-24:34
MERGED from [com.android.support:recyclerview-v7:25.3.1] AndroidManifest.xml:22:5-24:34
MERGED from [com.android.support:transition:25.3.1] AndroidManifest.xml:22:5-24:34
MERGED from [com.android.support:transition:25.3.1] AndroidManifest.xml:22:5-24:34
MERGED from [com.android.support:support-v4:25.3.1] AndroidManifest.xml:25:5-27:34
MERGED from [com.android.support:support-v4:25.3.1] AndroidManifest.xml:25:5-27:34
MERGED from [com.android.support:support-fragment:25.3.1] AndroidManifest.xml:25:5-27:34
MERGED from [com.android.support:support-fragment:25.3.1] AndroidManifest.xml:25:5-27:34
MERGED from [com.android.support:support-media-compat:25.3.1] AndroidManifest.xml:25:5-27:34
MERGED from [com.android.support:support-media-compat:25.3.1] AndroidManifest.xml:25:5-27:34
MERGED from [com.android.support:support-core-utils:25.3.1] AndroidManifest.xml:25:5-27:34
MERGED from [com.android.support:support-core-utils:25.3.1] AndroidManifest.xml:25:5-27:34
MERGED from [com.android.support:support-core-ui:25.3.1] AndroidManifest.xml:25:5-27:34
MERGED from [com.android.support:support-core-ui:25.3.1] AndroidManifest.xml:25:5-27:34
MERGED from [com.android.support:support-compat:25.3.1] AndroidManifest.xml:25:5-27:34
MERGED from [com.android.support:support-compat:25.3.1] AndroidManifest.xml:25:5-27:34
	android:value
		ADDED from [com.android.support:design:25.3.1] AndroidManifest.xml:27:9-31
	android:name
		ADDED from [com.android.support:design:25.3.1] AndroidManifest.xml:26:9-47